Discord 0.0.24
Starting app.
Starting updater.
[Modules] Modules initializing
[Modules] Distribution: remote
[Modules] Host updates: enabled
[Modules] Module updates: enabled
[Modules] Module install path: /home/mattw/.config/discord/0.0.24/modules
[Modules] Module installed file path: /home/mattw/.config/discord/0.0.24/modules/installed.json
[Modules] Module download path: /home/mattw/.config/discord/0.0.24/modules/pending
[Modules] No updates to install
[Modules] Checking for host updates.
[Updates] You are out of date!
[Modules] Host update is available. Manual update required!
Discord 0.0.24
Starting app.
Starting updater.
[Modules] Modules initializing
[Modules] Distribution: remote
[Modules] Host updates: enabled
[Modules] Module updates: enabled
[Modules] Module install path: /home/mattw/.config/discord/0.0.24/modules
[Modules] Module installed file path: /home/mattw/.config/discord/0.0.24/modules/installed.json
[Modules] Module download path: /home/mattw/.config/discord/0.0.24/modules/pending
[Modules] No updates to install
[Modules] Checking for host updates.
[Updates] You are out of date!
[Modules] Host update is available. Manual update required!
Discord 0.0.24
Starting app.
Starting updater.
[Modules] Modules initializing
[Modules] Distribution: remote
[Modules] Host updates: enabled
[Modules] Module updates: enabled
[Modules] Module install path: /home/mattw/.config/discord/0.0.24/modules
[Modules] Module installed file path: /home/mattw/.config/discord/0.0.24/modules/installed.json
[Modules] Module download path: /home/mattw/.config/discord/0.0.24/modules/pending
[Modules] No updates to install
[Modules] Checking for host updates.
[Updates] You are out of date!
[Modules] Host update is available. Manual update required!
Opening in existing browser session.
